 09/12 10:48:33 [INFO] ContextLoader: Root WebApplicationContext: initialization started
 09/12 10:48:33 [INFO] XmlWebApplicationContext: Refreshing Root WebApplicationContext: startup date [Mon Sep 12 10:48:33 CST 2016]; root of context hierarchy
 09/12 10:48:33 [INFO] XmlBeanDefinitionReader: Loading XML bean definitions from class path resource [context-main.xml]
 09/12 10:48:34 [INFO] AutowiredAnnotationBeanPostProcessor: JSR-330 'javax.inject.Inject' annotation found and supported for autowiring
 09/12 10:48:34 [INFO] ContextLoader: Root WebApplicationContext: initialization completed in 1389 ms
 09/12 10:48:35 [INFO] DispatcherServlet: FrameworkServlet 'dispatcher': initialization started
 09/12 10:48:35 [INFO] XmlWebApplicationContext: Refreshing WebApplicationContext for namespace 'dispatcher-servlet': startup date [Mon Sep 12 10:48:35 CST 2016]; parent: Root WebApplicationContext
 09/12 10:48:35 [INFO] XmlBeanDefinitionReader: Loading XML bean definitions from class path resource [servlet/dispatcher-servlet.xml]
 09/12 10:48:35 [INFO] AutowiredAnnotationBeanPostProcessor: JSR-330 'javax.inject.Inject' annotation found and supported for autowiring
 09/12 10:48:35 [WARN] XmlWebApplicationContext: Exception encountered during context initialization - cancelling refresh attempt: org.springframework.beans.factory.CannotLoadBeanClassException: Cannot find class [com.paic.hc.core.config.EncodePropertyPlaceholderConfigurer] for bean with name 'propertyConfigurer' defined in class path resource [servlet/dispatcher-servlet.xml]; nested exception is java.lang.ClassNotFoundException: com.paic.hc.core.config.EncodePropertyPlaceholderConfigurer
 09/12 10:48:35 [ERROR] DispatcherServlet: Context initialization failed
org.springframework.beans.factory.CannotLoadBeanClassException: Cannot find class [com.paic.hc.core.config.EncodePropertyPlaceholderConfigurer] for bean with name 'propertyConfigurer' defined in class path resource [servlet/dispatcher-servlet.xml]; nested exception is java.lang.ClassNotFoundException: com.paic.hc.core.config.EncodePropertyPlaceholderConfigurer
	at org.springframework.beans.factory.support.AbstractBeanFactory.resolveBeanClass(AbstractBeanFactory.java:1352)
	at org.springframework.beans.factory.support.AbstractAutowireCapableBeanFactory.determineTargetType(AbstractAutowireCapableBeanFactory.java:628)
	at org.springframework.beans.factory.support.AbstractAutowireCapableBeanFactory.predictBeanType(AbstractAutowireCapableBeanFactory.java:597)
	at org.springframework.beans.factory.support.AbstractBeanFactory.isFactoryBean(AbstractBeanFactory.java:1445)
	at org.springframework.beans.factory.support.AbstractBeanFactory.isFactoryBean(AbstractBeanFactory.java:975)
	at org.springframework.beans.factory.support.DefaultListableBeanFactory.preInstantiateSingletons(DefaultListableBeanFactory.java:752)
	at org.springframework.context.support.AbstractApplicationContext.finishBeanFactoryInitialization(AbstractApplicationContext.java:839)
	at org.springframework.context.support.AbstractApplicationContext.refresh(AbstractApplicationContext.java:538)
	at org.springframework.web.servlet.FrameworkServlet.configureAndRefreshWebApplicationContext(FrameworkServlet.java:668)
	at org.springframework.web.servlet.FrameworkServlet.createWebApplicationContext(FrameworkServlet.java:634)
	at org.springframework.web.servlet.FrameworkServlet.createWebApplicationContext(FrameworkServlet.java:682)
	at org.springframework.web.servlet.FrameworkServlet.initWebApplicationContext(FrameworkServlet.java:553)
	at org.springframework.web.servlet.FrameworkServlet.initServletBean(FrameworkServlet.java:494)
	at org.springframework.web.servlet.HttpServletBean.init(HttpServletBean.java:136)
	at javax.servlet.GenericServlet.init(GenericServlet.java:241)
	at org.mortbay.jetty.servlet.ServletHolder.initServlet(ServletHolder.java:440)
	at org.mortbay.jetty.servlet.ServletHolder.doStart(ServletHolder.java:263)
	at org.mortbay.component.AbstractLifeCycle.start(AbstractLifeCycle.java:50)
	at org.mortbay.jetty.servlet.ServletHandler.initialize(ServletHandler.java:685)
	at org.mortbay.jetty.servlet.Context.startContext(Context.java:140)
	at org.mortbay.jetty.webapp.WebAppContext.startContext(WebAppContext.java:1272)
	at org.mortbay.jetty.handler.ContextHandler.doStart(ContextHandler.java:517)
	at org.mortbay.jetty.webapp.WebAppContext.doStart(WebAppContext.java:489)
	at org.gradle.api.plugins.jetty.internal.JettyPluginWebAppContext.doStart(JettyPluginWebAppContext.java:112)
	at org.mortbay.component.AbstractLifeCycle.start(AbstractLifeCycle.java:50)
	at org.mortbay.jetty.handler.HandlerCollection.doStart(HandlerCollection.java:152)
	at org.mortbay.jetty.handler.ContextHandlerCollection.doStart(ContextHandlerCollection.java:156)
	at org.mortbay.component.AbstractLifeCycle.start(AbstractLifeCycle.java:50)
	at org.mortbay.jetty.handler.HandlerCollection.doStart(HandlerCollection.java:152)
	at org.mortbay.component.AbstractLifeCycle.start(AbstractLifeCycle.java:50)
	at org.mortbay.jetty.handler.HandlerWrapper.doStart(HandlerWrapper.java:130)
	at org.mortbay.jetty.Server.doStart(Server.java:224)
	at org.mortbay.component.AbstractLifeCycle.start(AbstractLifeCycle.java:50)
	at org.gradle.api.plugins.jetty.internal.Jetty6PluginServer.start(Jetty6PluginServer.java:111)
	at org.gradle.api.plugins.jetty.AbstractJettyRunTask.startJettyInternal(AbstractJettyRunTask.java:238)
	at org.gradle.api.plugins.jetty.AbstractJettyRunTask.startJetty(AbstractJettyRunTask.java:191)
	at org.gradle.api.plugins.jetty.AbstractJettyRunTask.start(AbstractJettyRunTask.java:162)
	at sun.reflect.NativeMethodAccessorImpl.invoke0(Native Method)
	at sun.reflect.NativeMethodAccessorImpl.invoke(NativeMethodAccessorImpl.java:62)
	at sun.reflect.DelegatingMethodAccessorImpl.invoke(DelegatingMethodAccessorImpl.java:43)
	at java.lang.reflect.Method.invoke(Method.java:498)
	at org.gradle.internal.reflect.JavaMethod.invoke(JavaMethod.java:75)
	at org.gradle.api.internal.project.taskfactory.AnnotationProcessingTaskFactory$StandardTaskAction.doExecute(AnnotationProcessingTaskFactory.java:227)
	at org.gradle.api.internal.project.taskfactory.AnnotationProcessingTaskFactory$StandardTaskAction.execute(AnnotationProcessingTaskFactory.java:220)
	at org.gradle.api.internal.project.taskfactory.AnnotationProcessingTaskFactory$StandardTaskAction.execute(AnnotationProcessingTaskFactory.java:209)
	at org.gradle.api.internal.AbstractTask$TaskActionWrapper.execute(AbstractTask.java:585)
	at org.gradle.api.internal.AbstractTask$TaskActionWrapper.execute(AbstractTask.java:568)
	at org.gradle.api.internal.tasks.execution.ExecuteActionsTaskExecuter.executeAction(ExecuteActionsTaskExecuter.java:80)
	at org.gradle.api.internal.tasks.execution.ExecuteActionsTaskExecuter.executeActions(ExecuteActionsTaskExecuter.java:61)
	at org.gradle.api.internal.tasks.execution.ExecuteActionsTaskExecuter.execute(ExecuteActionsTaskExecuter.java:46)
	at org.gradle.api.internal.tasks.execution.PostExecutionAnalysisTaskExecuter.execute(PostExecutionAnalysisTaskExecuter.java:35)
	at org.gradle.api.internal.tasks.execution.SkipUpToDateTaskExecuter.execute(SkipUpToDateTaskExecuter.java:64)
	at org.gradle.api.internal.tasks.execution.ValidatingTaskExecuter.execute(ValidatingTaskExecuter.java:58)
	at org.gradle.api.internal.tasks.execution.SkipEmptySourceFilesTaskExecuter.execute(SkipEmptySourceFilesTaskExecuter.java:52)
	at org.gradle.api.internal.tasks.execution.SkipTaskWithNoActionsExecuter.execute(SkipTaskWithNoActionsExecuter.java:52)
	at org.gradle.api.internal.tasks.execution.SkipOnlyIfTaskExecuter.execute(SkipOnlyIfTaskExecuter.java:53)
	at org.gradle.api.internal.tasks.execution.ExecuteAtMostOnceTaskExecuter.execute(ExecuteAtMostOnceTaskExecuter.java:43)
	at org.gradle.execution.taskgraph.DefaultTaskGraphExecuter$EventFiringTaskWorker.execute(DefaultTaskGraphExecuter.java:203)
	at org.gradle.execution.taskgraph.DefaultTaskGraphExecuter$EventFiringTaskWorker.execute(DefaultTaskGraphExecuter.java:185)
	at org.gradle.execution.taskgraph.AbstractTaskPlanExecutor$TaskExecutorWorker.processTask(AbstractTaskPlanExecutor.java:66)
	at org.gradle.execution.taskgraph.AbstractTaskPlanExecutor$TaskExecutorWorker.run(AbstractTaskPlanExecutor.java:50)
	at org.gradle.execution.taskgraph.DefaultTaskPlanExecutor.process(DefaultTaskPlanExecutor.java:25)
	at org.gradle.execution.taskgraph.DefaultTaskGraphExecuter.execute(DefaultTaskGraphExecuter.java:110)
	at org.gradle.execution.SelectedTaskExecutionAction.execute(SelectedTaskExecutionAction.java:37)
	at org.gradle.execution.DefaultBuildExecuter.execute(DefaultBuildExecuter.java:37)
	at org.gradle.execution.DefaultBuildExecuter.access$000(DefaultBuildExecuter.java:23)
	at org.gradle.execution.DefaultBuildExecuter$1.proceed(DefaultBuildExecuter.java:43)
	at org.gradle.execution.DryRunBuildExecutionAction.execute(DryRunBuildExecutionAction.java:32)
	at org.gradle.execution.DefaultBuildExecuter.execute(DefaultBuildExecuter.java:37)
	at org.gradle.execution.DefaultBuildExecuter.execute(DefaultBuildExecuter.java:30)
	at org.gradle.initialization.DefaultGradleLauncher$4.run(DefaultGradleLauncher.java:154)
	at org.gradle.internal.Factories$1.create(Factories.java:22)
	at org.gradle.internal.progress.DefaultBuildOperationExecutor.run(DefaultBuildOperationExecutor.java:90)
	at org.gradle.internal.progress.DefaultBuildOperationExecutor.run(DefaultBuildOperationExecutor.java:52)
	at org.gradle.initialization.DefaultGradleLauncher.doBuildStages(DefaultGradleLauncher.java:151)
	at org.gradle.initialization.DefaultGradleLauncher.access$200(DefaultGradleLauncher.java:32)
	at org.gradle.initialization.DefaultGradleLauncher$1.create(DefaultGradleLauncher.java:99)
	at org.gradle.initialization.DefaultGradleLauncher$1.create(DefaultGradleLauncher.java:93)
	at org.gradle.internal.progress.DefaultBuildOperationExecutor.run(DefaultBuildOperationExecutor.java:90)
	at org.gradle.internal.progress.DefaultBuildOperationExecutor.run(DefaultBuildOperationExecutor.java:62)
	at org.gradle.initialization.DefaultGradleLauncher.doBuild(DefaultGradleLauncher.java:93)
	at org.gradle.initialization.DefaultGradleLauncher.run(DefaultGradleLauncher.java:82)
	at org.gradle.launcher.exec.InProcessBuildActionExecuter$DefaultBuildController.run(InProcessBuildActionExecuter.java:94)
	at org.gradle.tooling.internal.provider.ExecuteBuildActionRunner.run(ExecuteBuildActionRunner.java:28)
	at org.gradle.launcher.exec.ChainingBuildActionRunner.run(ChainingBuildActionRunner.java:35)
	at org.gradle.launcher.exec.InProcessBuildActionExecuter.execute(InProcessBuildActionExecuter.java:43)
	at org.gradle.launcher.exec.InProcessBuildActionExecuter.execute(InProcessBuildActionExecuter.java:28)
	at org.gradle.launcher.exec.ContinuousBuildActionExecuter.execute(ContinuousBuildActionExecuter.java:78)
	at org.gradle.launcher.exec.ContinuousBuildActionExecuter.execute(ContinuousBuildActionExecuter.java:48)
	at org.gradle.launcher.exec.DaemonUsageSuggestingBuildActionExecuter.execute(DaemonUsageSuggestingBuildActionExecuter.java:51)
	at org.gradle.launcher.exec.DaemonUsageSuggestingBuildActionExecuter.execute(DaemonUsageSuggestingBuildActionExecuter.java:28)
	at org.gradle.launcher.cli.RunBuildAction.run(RunBuildAction.java:43)
	at org.gradle.internal.Actions$RunnableActionAdapter.execute(Actions.java:170)
	at org.gradle.launcher.cli.CommandLineActionFactory$ParseAndBuildAction.execute(CommandLineActionFactory.java:237)
	at org.gradle.launcher.cli.CommandLineActionFactory$ParseAndBuildAction.execute(CommandLineActionFactory.java:210)
	at org.gradle.launcher.cli.JavaRuntimeValidationAction.execute(JavaRuntimeValidationAction.java:35)
	at org.gradle.launcher.cli.JavaRuntimeValidationAction.execute(JavaRuntimeValidationAction.java:24)
	at org.gradle.launcher.cli.CommandLineActionFactory$WithLogging.execute(CommandLineActionFactory.java:206)
	at org.gradle.launcher.cli.CommandLineActionFactory$WithLogging.execute(CommandLineActionFactory.java:169)
	at org.gradle.launcher.cli.ExceptionReportingAction.execute(ExceptionReportingAction.java:33)
	at org.gradle.launcher.cli.ExceptionReportingAction.execute(ExceptionReportingAction.java:22)
	at org.gradle.launcher.Main.doAction(Main.java:33)
	at org.gradle.launcher.bootstrap.EntryPoint.run(EntryPoint.java:45)
	at sun.reflect.NativeMethodAccessorImpl.invoke0(Native Method)
	at sun.reflect.NativeMethodAccessorImpl.invoke(NativeMethodAccessorImpl.java:62)
	at sun.reflect.DelegatingMethodAccessorImpl.invoke(DelegatingMethodAccessorImpl.java:43)
	at java.lang.reflect.Method.invoke(Method.java:498)
	at org.gradle.launcher.bootstrap.ProcessBootstrap.runNoExit(ProcessBootstrap.java:54)
	at org.gradle.launcher.bootstrap.ProcessBootstrap.run(ProcessBootstrap.java:35)
	at org.gradle.launcher.GradleMain.main(GradleMain.java:23)
Caused by: java.lang.ClassNotFoundException: com.paic.hc.core.config.EncodePropertyPlaceholderConfigurer
	at java.net.URLClassLoader.findClass(URLClassLoader.java:381)
	at java.lang.ClassLoader.loadClass(ClassLoader.java:424)
	at java.lang.ClassLoader.loadClass(ClassLoader.java:357)
	at org.mortbay.jetty.webapp.WebAppClassLoader.loadClass(WebAppClassLoader.java:401)
	at org.mortbay.jetty.webapp.WebAppClassLoader.loadClass(WebAppClassLoader.java:363)
	at org.springframework.util.ClassUtils.forName(ClassUtils.java:250)
	at org.springframework.beans.factory.support.AbstractBeanDefinition.resolveBeanClass(AbstractBeanDefinition.java:394)
	at org.springframework.beans.factory.support.AbstractBeanFactory.doResolveBeanClass(AbstractBeanFactory.java:1397)
	at org.springframework.beans.factory.support.AbstractBeanFactory.resolveBeanClass(AbstractBeanFactory.java:1344)
	... 109 more
 09/12 10:49:33 [INFO] XmlWebApplicationContext: Closing Root WebApplicationContext: startup date [Mon Sep 12 10:48:33 CST 2016]; root of context hierarchy
 09/12 10:49:55 [INFO] ContextLoader: Root WebApplicationContext: initialization started
 09/12 10:49:55 [INFO] XmlWebApplicationContext: Refreshing Root WebApplicationContext: startup date [Mon Sep 12 10:49:55 CST 2016]; root of context hierarchy
 09/12 10:49:55 [INFO] XmlBeanDefinitionReader: Loading XML bean definitions from class path resource [context-main.xml]
 09/12 10:49:56 [INFO] AutowiredAnnotationBeanPostProcessor: JSR-330 'javax.inject.Inject' annotation found and supported for autowiring
 09/12 10:49:56 [INFO] ContextLoader: Root WebApplicationContext: initialization completed in 1607 ms
 09/12 10:49:56 [INFO] DispatcherServlet: FrameworkServlet 'dispatcher': initialization started
 09/12 10:49:56 [INFO] XmlWebApplicationContext: Refreshing WebApplicationContext for namespace 'dispatcher-servlet': startup date [Mon Sep 12 10:49:56 CST 2016]; parent: Root WebApplicationContext
 09/12 10:49:56 [INFO] XmlBeanDefinitionReader: Loading XML bean definitions from class path resource [servlet/dispatcher-servlet.xml]
 09/12 10:49:56 [INFO] AutowiredAnnotationBeanPostProcessor: JSR-330 'javax.inject.Inject' annotation found and supported for autowiring
 09/12 10:49:57 [INFO] DispatcherServlet: FrameworkServlet 'dispatcher': initialization completed in 925 ms
 09/12 11:23:54 [INFO] XmlWebApplicationContext: Closing WebApplicationContext for namespace 'dispatcher-servlet': startup date [Mon Sep 12 10:49:56 CST 2016]; parent: Root WebApplicationContext
 09/12 11:23:54 [INFO] XmlWebApplicationContext: Closing Root WebApplicationContext: startup date [Mon Sep 12 10:49:55 CST 2016]; root of context hierarchy
 09/14 15:00:15 [INFO] ContextLoader: Root WebApplicationContext: initialization started
 09/14 15:00:15 [INFO] XmlWebApplicationContext: Refreshing Root WebApplicationContext: startup date [Wed Sep 14 15:00:15 CST 2016]; root of context hierarchy
 09/14 15:00:15 [INFO] XmlBeanDefinitionReader: Loading XML bean definitions from class path resource [context-main.xml]
 09/14 15:00:15 [INFO] ContextLoader: Root WebApplicationContext: initialization completed in 687 ms
 09/14 15:00:16 [INFO] DispatcherServlet: FrameworkServlet 'dispatcher': initialization started
 09/14 15:00:16 [INFO] XmlWebApplicationContext: Refreshing WebApplicationContext for namespace 'dispatcher-servlet': startup date [Wed Sep 14 15:00:16 CST 2016]; parent: Root WebApplicationContext
 09/14 15:00:16 [INFO] XmlBeanDefinitionReader: Loading XML bean definitions from class path resource [servlet/dispatcher-servlet.xml]
 09/14 15:00:16 [INFO] AutowiredAnnotationBeanPostProcessor: JSR-330 'javax.inject.Inject' annotation found and supported for autowiring
 09/14 15:00:17 [INFO] RequestMappingHandlerAdapter: Looking for @ControllerAdvice: WebApplicationContext for namespace 'dispatcher-servlet': startup date [Wed Sep 14 15:00:16 CST 2016]; parent: Root WebApplicationContext
 09/14 15:00:18 [INFO] DispatcherServlet: FrameworkServlet 'dispatcher': initialization completed in 1817 ms
 09/14 17:24:04 [INFO] XmlWebApplicationContext: Closing WebApplicationContext for namespace 'dispatcher-servlet': startup date [Wed Sep 14 15:00:16 CST 2016]; parent: Root WebApplicationContext
 09/14 17:24:04 [INFO] XmlWebApplicationContext: Closing Root WebApplicationContext: startup date [Wed Sep 14 15:00:15 CST 2016]; root of context hierarchy
 09/19 19:40:16 [ERROR] SSHClientBean: Connect to locahost:22 failed,please check your username and password!
 09/19 19:40:32 [ERROR] SSHClientBean: Connect to localhost:22 failed,please check your username and password!
 09/19 19:40:47 [ERROR] SSHClientBean: Connect to 127.0.0.1:22 failed,please check your username and password!
 09/19 19:41:48 [ERROR] SSHClientBean: Connect to 127.0.0.1:22 failed,please check your username and password!
 09/19 19:43:35 [INFO] SSHClientBean: start to read
 09/19 19:46:19 [INFO] SSHClientBean: start to read
 09/19 19:48:21 [INFO] SSHClientBean: start to read
 09/19 19:48:56 [INFO] SSHClientBean: start to read
 09/19 19:50:02 [INFO] SSHClientBean: start to read
 09/19 19:51:18 [INFO] SSHClientBean: start to read
 09/19 19:51:37 [INFO] SSHClientBean: start to read
 09/19 19:52:45 [INFO] SSHClientBean: start to read
 09/19 19:56:07 [INFO] SSHClientBean: start to read
 09/19 19:59:05 [INFO] SSHClientBean: start to read
 09/19 20:00:32 [INFO] SSHClientBean: start to read
 09/19 20:03:51 [INFO] SSHClientBean: start to read
 09/19 20:03:52 [INFO] SSHClientBean: ready to execute the command:ls
 09/19 20:03:53 [INFO] SSHClientBean: ready to execute the command:ls
 09/19 20:03:54 [INFO] SSHClientBean: ready to execute the command:ls
 09/19 20:03:55 [INFO] SSHClientBean: ready to execute the command:ls
 09/19 20:03:56 [INFO] SSHClientBean: ready to execute the command:ls
 09/19 20:03:57 [INFO] SSHClientBean: ready to execute the command:ls
 09/19 20:03:58 [INFO] SSHClientBean: ready to execute the command:ls
 09/19 20:03:59 [INFO] SSHClientBean: ready to execute the command:ls
 09/19 20:04:00 [INFO] SSHClientBean: ready to execute the command:ls
 09/19 20:04:01 [INFO] SSHClientBean: ready to execute the command:ls
 09/19 20:05:41 [INFO] SSHClientBean: start to read
 09/19 20:05:42 [INFO] SSHClientBean: ready to execute the command:ll
 09/19 20:05:43 [INFO] SSHClientBean: ready to execute the command:ll
 09/19 20:05:44 [INFO] SSHClientBean: ready to execute the command:ll
 09/19 20:05:45 [INFO] SSHClientBean: ready to execute the command:ll
 09/19 20:05:46 [INFO] SSHClientBean: ready to execute the command:ll
 09/19 20:05:47 [INFO] SSHClientBean: ready to execute the command:ll
 09/19 20:05:48 [INFO] SSHClientBean: ready to execute the command:ll
 09/19 20:05:49 [INFO] SSHClientBean: ready to execute the command:ll
 09/19 20:05:50 [INFO] SSHClientBean: ready to execute the command:ll
 09/19 20:05:51 [INFO] SSHClientBean: ready to execute the command:ll
 09/19 20:06:06 [INFO] SSHClientBean: start to read
 09/19 20:06:07 [INFO] SSHClientBean: ready to execute the command:pwd
 09/19 20:06:08 [INFO] SSHClientBean: ready to execute the command:pwd
 09/19 20:06:09 [INFO] SSHClientBean: ready to execute the command:pwd
 09/19 20:06:10 [INFO] SSHClientBean: ready to execute the command:pwd
 09/19 20:06:11 [INFO] SSHClientBean: ready to execute the command:pwd
 09/19 20:06:12 [INFO] SSHClientBean: ready to execute the command:pwd
 09/19 20:06:13 [INFO] SSHClientBean: ready to execute the command:pwd
 09/19 20:06:14 [INFO] SSHClientBean: ready to execute the command:pwd
 09/19 20:06:15 [INFO] SSHClientBean: ready to execute the command:pwd
 09/19 20:06:16 [INFO] SSHClientBean: ready to execute the command:pwd
 09/19 20:15:58 [INFO] SSHClientBean: start to read
 09/19 20:15:59 [INFO] SSHClientBean: ready to execute the command:pwd
 09/19 20:16:00 [INFO] SSHClientBean: ready to execute the command:pwd
 09/19 20:16:01 [INFO] SSHClientBean: ready to execute the command:pwd
 09/19 20:16:02 [INFO] SSHClientBean: ready to execute the command:pwd
 09/19 20:16:03 [INFO] SSHClientBean: ready to execute the command:pwd
 09/19 20:16:04 [INFO] SSHClientBean: ready to execute the command:pwd
 09/19 20:16:05 [INFO] SSHClientBean: ready to execute the command:pwd
 09/19 20:16:06 [INFO] SSHClientBean: ready to execute the command:pwd
 09/19 20:16:07 [INFO] SSHClientBean: ready to execute the command:pwd
 09/19 20:16:08 [INFO] SSHClientBean: ready to execute the command:pwd
 09/19 20:16:57 [INFO] SSHClientBean: start to read
 09/19 20:16:58 [INFO] SSHClientBean: ready to execute the command:pwd
 09/19 20:16:59 [INFO] SSHClientBean: ready to execute the command:pwd
 09/19 20:17:00 [INFO] SSHClientBean: ready to execute the command:pwd
 09/19 20:17:01 [INFO] SSHClientBean: ready to execute the command:pwd
 09/19 20:17:02 [INFO] SSHClientBean: ready to execute the command:pwd
 09/19 20:17:03 [INFO] SSHClientBean: ready to execute the command:pwd
 09/19 20:17:04 [INFO] SSHClientBean: ready to execute the command:pwd
 09/19 20:17:05 [INFO] SSHClientBean: ready to execute the command:pwd
 09/19 20:17:06 [INFO] SSHClientBean: ready to execute the command:pwd
 09/19 20:17:07 [INFO] SSHClientBean: ready to execute the command:pwd
 09/19 20:22:44 [INFO] SSHClientBean: start to read
 09/19 20:22:45 [INFO] SSHClientBean: ready to execute the command:pwd
 09/19 20:22:46 [INFO] SSHClientBean: ready to execute the command:pwd
 09/19 20:22:47 [INFO] SSHClientBean: ready to execute the command:pwd
 09/19 20:22:48 [INFO] SSHClientBean: ready to execute the command:pwd
 09/19 20:22:49 [INFO] SSHClientBean: ready to execute the command:pwd
 09/19 20:22:50 [INFO] SSHClientBean: ready to execute the command:pwd
 09/19 20:22:51 [INFO] SSHClientBean: ready to execute the command:pwd
 09/19 20:22:52 [INFO] SSHClientBean: ready to execute the command:pwd
 09/19 20:22:53 [INFO] SSHClientBean: ready to execute the command:pwd
 09/19 20:22:54 [INFO] SSHClientBean: ready to execute the command:pwd
 09/19 20:23:40 [INFO] SSHClientBean: start to read
 09/19 20:25:06 [INFO] SSHClientBean: start to read
 09/19 20:40:21 [INFO] SSHClientBean: start to read
 09/19 20:40:50 [INFO] SSHClientBean: start to read
 09/19 20:43:57 [INFO] SSHClientBean: start to read
 09/19 20:58:00 [INFO] SSHConnect: start to read
 09/20 09:39:52 [INFO] SSHConnect: start to read
 09/20 09:43:00 [INFO] SSHConnect: start to read
